Analysis & Synthesis report for projetoProcessador
Fri Oct 14 03:17:53 2022
Quartus II 64-Bit Version 13.0.1 Build 232 06/12/2013 Service Pack 1 SJ Web Edition


---------------------
; Table of Contents ;
---------------------
  1. Legal Notice
  2. Analysis & Synthesis Summary
  3. Analysis & Synthesis Settings
  4. Parallel Compilation
  5. Analysis & Synthesis Source Files Read
  6. Analysis & Synthesis Resource Usage Summary
  7. Analysis & Synthesis Resource Utilization by Entity
  8. Analysis & Synthesis RAM Summary
  9. Analysis & Synthesis IP Cores Summary
 10. State Machine - |projetoProcessador|Tstep_Q
 11. User-Specified and Inferred Latches
 12. Registers Removed During Synthesis
 13. Removed Registers Triggering Further Register Optimizations
 14. General Register Statistics
 15. Multiplexer Restructuring Statistics (Restructuring Performed)
 16. Source assignments for instr_memory:memInstr|altsyncram:altsyncram_component|altsyncram_vk71:auto_generated
 17. Source assignments for memoriaPrincipal:memPrincipal|altsyncram:altsyncram_component|altsyncram_ffd1:auto_generated
 18. Parameter Settings for User Entity Instance: Top-level Entity: |projetoProcessador
 19. Parameter Settings for User Entity Instance: instr_memory:memInstr|altsyncram:altsyncram_component
 20. Parameter Settings for User Entity Instance: memoriaPrincipal:memPrincipal|altsyncram:altsyncram_component
 21. altsyncram Parameter Settings by Entity Instance
 22. Port Connectivity Checks: "regn:A"
 23. Port Connectivity Checks: "regW:Wren"
 24. Port Connectivity Checks: "regn:WDout"
 25. Port Connectivity Checks: "regn:regAddr"
 26. Port Connectivity Checks: "regn:regIR"
 27. Port Connectivity Checks: "dec3to8:decX"
 28. Elapsed Time Per Partition
 29. Analysis & Synthesis Messages
 30. Analysis & Synthesis Suppressed Messages



----------------
; Legal Notice ;
----------------
Copyright (C) 1991-2013 Altera Corporation
Your use of Altera Corporation's design tools, logic functions 
and other software and tools, and its AMPP partner logic 
functions, and any output files from any of the foregoing 
(including device programming or simulation files), and any 
associated documentation or information are expressly subject 
to the terms and conditions of the Altera Program License 
Subscription Agreement, Altera MegaCore Function License 
Agreement, or other applicable license agreement, including, 
without limitation, that your use is for the sole purpose of 
programming logic devices manufactured by Altera and sold by 
Altera or its authorized distributors.  Please refer to the 
applicable agreement for further details.



+--------------------------------------------------------------------------------------+
; Analysis & Synthesis Summary                                                         ;
+------------------------------------+-------------------------------------------------+
; Analysis & Synthesis Status        ; Successful - Fri Oct 14 03:17:53 2022           ;
; Quartus II 64-Bit Version          ; 13.0.1 Build 232 06/12/2013 SP 1 SJ Web Edition ;
; Revision Name                      ; projetoProcessador                              ;
; Top-level Entity Name              ; projetoProcessador                              ;
; Family                             ; Cyclone II                                      ;
; Total logic elements               ; 377                                             ;
;     Total combinational functions  ; 245                                             ;
;     Dedicated logic registers      ; 184                                             ;
; Total registers                    ; 184                                             ;
; Total pins                         ; 9                                               ;
; Total virtual pins                 ; 0                                               ;
; Total memory bits                  ; 4,416                                           ;
; Embedded Multiplier 9-bit elements ; 0                                               ;
; Total PLLs                         ; 0                                               ;
+------------------------------------+-------------------------------------------------+


+----------------------------------------------------------------------------------------------------------------------+
; Analysis & Synthesis Settings                                                                                        ;
+----------------------------------------------------------------------------+--------------------+--------------------+
; Option                                                                     ; Setting            ; Default Value      ;
+----------------------------------------------------------------------------+--------------------+--------------------+
; Device                                                                     ; EP2C35F672C6       ;                    ;
; Top-level entity name                                                      ; projetoProcessador ; projetoProcessador ;
; Family name                                                                ; Cyclone II         ; Cyclone IV GX      ;
; Use smart compilation                                                      ; Off                ; Off                ;
; Enable parallel Assembler and TimeQuest Timing Analyzer during compilation ; On                 ; On                 ;
; Enable compact report table                                                ; Off                ; Off                ;
; Restructure Multiplexers                                                   ; Auto               ; Auto               ;
; Create Debugging Nodes for IP Cores                                        ; Off                ; Off                ;
; Preserve fewer node names                                                  ; On                 ; On                 ;
; Disable OpenCore Plus hardware evaluation                                  ; Off                ; Off                ;
; Verilog Version                                                            ; Verilog_2001       ; Verilog_2001       ;
; VHDL Version                                                               ; VHDL_1993          ; VHDL_1993          ;
; State Machine Processing                                                   ; Auto               ; Auto               ;
; Safe State Machine                                                         ; Off                ; Off                ;
; Extract Verilog State Machines                                             ; On                 ; On                 ;
; Extract VHDL State Machines                                                ; On                 ; On                 ;
; Ignore Verilog initial constructs                                          ; Off                ; Off                ;
; Iteration limit for constant Verilog loops                                 ; 5000               ; 5000               ;
; Iteration limit for non-constant Verilog loops                             ; 250                ; 250                ;
; Add Pass-Through Logic to Inferred RAMs                                    ; On                 ; On                 ;
; Infer RAMs from Raw Logic                                                  ; On                 ; On                 ;
; Parallel Synthesis                                                         ; On                 ; On                 ;
; DSP Block Balancing                                                        ; Auto               ; Auto               ;
; NOT Gate Push-Back                                                         ; On                 ; On                 ;
; Power-Up Don't Care                                                        ; On                 ; On                 ;
; Remove Redundant Logic Cells                                               ; Off                ; Off                ;
; Remove Duplicate Registers                                                 ; On                 ; On                 ;
; Ignore CARRY Buffers                                                       ; Off                ; Off                ;
; Ignore CASCADE Buffers                                                     ; Off                ; Off                ;
; Ignore GLOBAL Buffers                                                      ; Off                ; Off                ;
; Ignore ROW GLOBAL Buffers                                                  ; Off                ; Off                ;
; Ignore LCELL Buffers                                                       ; Off                ; Off                ;
; Ignore SOFT Buffers                                                        ; On                 ; On                 ;
; Limit AHDL Integers to 32 Bits                                             ; Off                ; Off                ;
; Optimization Technique                                                     ; Balanced           ; Balanced           ;
; Carry Chain Length                                                         ; 70                 ; 70                 ;
; Auto Carry Chains                                                          ; On                 ; On                 ;
; Auto Open-Drain Pins                                                       ; On                 ; On                 ;
; Perform WYSIWYG Primitive Resynthesis                                      ; Off                ; Off                ;
; Auto ROM Replacement                                                       ; On                 ; On                 ;
; Auto RAM Replacement                                                       ; On                 ; On                 ;
; Auto Shift Register Replacement                                            ; Auto               ; Auto               ;
; Allow Shift Register Merging across Hierarchies                            ; Auto               ; Auto               ;
; Auto Clock Enable Replacement                                              ; On                 ; On                 ;
; Strict RAM Replacement                                                     ; Off                ; Off                ;
; Allow Synchronous Control Signals                                          ; On                 ; On                 ;
; Force Use of Synchronous Clear Signals                                     ; Off                ; Off                ;
; Auto RAM to Logic Cell Conversion                                          ; Off                ; Off                ;
; Auto Resource Sharing                                                      ; Off                ; Off                ;
; Allow Any RAM Size For Recognition                                         ; Off                ; Off                ;
; Allow Any ROM Size For Recognition                                         ; Off                ; Off                ;
; Allow Any Shift Register Size For Recognition                              ; Off                ; Off                ;
; Use LogicLock Constraints during Resource Balancing                        ; On                 ; On                 ;
; Ignore translate_off and synthesis_off directives                          ; Off                ; Off                ;
; Timing-Driven Synthesis                                                    ; Off                ; Off                ;
; Report Parameter Settings                                                  ; On                 ; On                 ;
; Report Source Assignments                                                  ; On                 ; On                 ;
; Report Connectivity Checks                                                 ; On                 ; On                 ;
; Ignore Maximum Fan-Out Assignments                                         ; Off                ; Off                ;
; Synchronization Register Chain Length                                      ; 2                  ; 2                  ;
; PowerPlay Power Optimization                                               ; Normal compilation ; Normal compilation ;
; HDL message level                                                          ; Level2             ; Level2             ;
; Suppress Register Optimization Related Messages                            ; Off                ; Off                ;
; Number of Removed Registers Reported in Synthesis Report                   ; 5000               ; 5000               ;
; Number of Swept Nodes Reported in Synthesis Report                         ; 5000               ; 5000               ;
; Number of Inverted Registers Reported in Synthesis Report                  ; 100                ; 100                ;
; Clock MUX Protection                                                       ; On                 ; On                 ;
; Auto Gated Clock Conversion                                                ; Off                ; Off                ;
; Block Design Naming                                                        ; Auto               ; Auto               ;
; SDC constraint protection                                                  ; Off                ; Off                ;
; Synthesis Effort                                                           ; Auto               ; Auto               ;
; Shift Register Replacement - Allow Asynchronous Clear Signal               ; On                 ; On                 ;
; Pre-Mapping Resynthesis Optimization                                       ; Off                ; Off                ;
; Analysis & Synthesis Message Level                                         ; Medium             ; Medium             ;
; Disable Register Merging Across Hierarchies                                ; Auto               ; Auto               ;
; Resource Aware Inference For Block RAM                                     ; On                 ; On                 ;
; Synthesis Seed                                                             ; 1                  ; 1                  ;
+----------------------------------------------------------------------------+--------------------+--------------------+


Parallel compilation was disabled, but you have multiple processors available. Enable parallel compilation to reduce compilation time.
+-------------------------------------+
; Parallel Compilation                ;
+----------------------------+--------+
; Processors                 ; Number ;
+----------------------------+--------+
; Number detected on machine ; 4      ;
; Maximum allowed            ; 1      ;
+----------------------------+--------+


+----------------------------------------------------------------------------------------------------------------------------------------------------------------------------+
; Analysis & Synthesis Source Files Read                                                                                                                                     ;
+----------------------------------+-----------------+-----------------------------------+-------------------------------------------------------------------------+---------+
; File Name with User-Entered Path ; Used in Netlist ; File Type                         ; File Name with Absolute Path                                            ; Library ;
+----------------------------------+-----------------+-----------------------------------+-------------------------------------------------------------------------+---------+
; projetoProcessador.v             ; yes             ; User Verilog HDL File             ; C:/pastaX/projetoProcessador/projetoProcessador.v                       ;         ;
; intr_memory.mif                  ; yes             ; User Memory Initialization File   ; C:/pastaX/projetoProcessador/intr_memory.mif                            ;         ;
; data_memory.mif                  ; yes             ; User Memory Initialization File   ; C:/pastaX/projetoProcessador/data_memory.mif                            ;         ;
; memoriaPrincipal.v               ; yes             ; User Wizard-Generated File        ; C:/pastaX/projetoProcessador/memoriaPrincipal.v                         ;         ;
; instr_memory.v                   ; yes             ; Auto-Found Wizard-Generated File  ; C:/pastaX/projetoProcessador/instr_memory.v                             ;         ;
; altsyncram.tdf                   ; yes             ; Megafunction                      ; c:/altera/13.0sp1/quartus/libraries/megafunctions/altsyncram.tdf        ;         ;
; stratix_ram_block.inc            ; yes             ; Megafunction                      ; c:/altera/13.0sp1/quartus/libraries/megafunctions/stratix_ram_block.inc ;         ;
; lpm_mux.inc                      ; yes             ; Megafunction                      ; c:/altera/13.0sp1/quartus/libraries/megafunctions/lpm_mux.inc           ;         ;
; lpm_decode.inc                   ; yes             ; Megafunction                      ; c:/altera/13.0sp1/quartus/libraries/megafunctions/lpm_decode.inc        ;         ;
; aglobal130.inc                   ; yes             ; Megafunction                      ; c:/altera/13.0sp1/quartus/libraries/megafunctions/aglobal130.inc        ;         ;
; a_rdenreg.inc                    ; yes             ; Megafunction                      ; c:/altera/13.0sp1/quartus/libraries/megafunctions/a_rdenreg.inc         ;         ;
; altrom.inc                       ; yes             ; Megafunction                      ; c:/altera/13.0sp1/quartus/libraries/megafunctions/altrom.inc            ;         ;
; altram.inc                       ; yes             ; Megafunction                      ; c:/altera/13.0sp1/quartus/libraries/megafunctions/altram.inc            ;         ;
; altdpram.inc                     ; yes             ; Megafunction                      ; c:/altera/13.0sp1/quartus/libraries/megafunctions/altdpram.inc          ;         ;
; db/altsyncram_vk71.tdf           ; yes             ; Auto-Generated Megafunction       ; C:/pastaX/projetoProcessador/db/altsyncram_vk71.tdf                     ;         ;
; db/altsyncram_ffd1.tdf           ; yes             ; Auto-Generated Megafunction       ; C:/pastaX/projetoProcessador/db/altsyncram_ffd1.tdf                     ;         ;
+----------------------------------+-----------------+-----------------------------------+-------------------------------------------------------------------------+---------+


+-----------------------------------------------------+
; Analysis & Synthesis Resource Usage Summary         ;
+---------------------------------------------+-------+
; Resource                                    ; Usage ;
+---------------------------------------------+-------+
; Estimated Total logic elements              ; 377   ;
;                                             ;       ;
; Total combinational functions               ; 245   ;
; Logic element usage by number of LUT inputs ;       ;
;     -- 4 input functions                    ; 137   ;
;     -- 3 input functions                    ; 53    ;
;     -- <=2 input functions                  ; 55    ;
;                                             ;       ;
; Logic elements by mode                      ;       ;
;     -- normal mode                          ; 214   ;
;     -- arithmetic mode                      ; 31    ;
;                                             ;       ;
; Total registers                             ; 184   ;
;     -- Dedicated logic registers            ; 184   ;
;     -- I/O registers                        ; 0     ;
;                                             ;       ;
; I/O pins                                    ; 9     ;
; Total memory bits                           ; 4416  ;
; Embedded Multiplier 9-bit elements          ; 0     ;
; Maximum fan-out node                        ; Clock ;
; Maximum fan-out                             ; 210   ;
; Total fan-out                               ; 1635  ;
; Average fan-out                             ; 3.52  ;
+---------------------------------------------+-------+


+-----------------------------------------------------------------------------------------------------------------------------------------------------------------------------------------------------------------------------------------------------------------------------------------+
; Analysis & Synthesis Resource Utilization by Entity                                                                                                                                                                                                                                     ;
+-------------------------------------------+-------------------+--------------+-------------+--------------+---------+-----------+------+--------------+------------------------------------------------------------------------------------------------------------------+--------------+
; Compilation Hierarchy Node                ; LC Combinationals ; LC Registers ; Memory Bits ; DSP Elements ; DSP 9x9 ; DSP 18x18 ; Pins ; Virtual Pins ; Full Hierarchy Name                                                                                              ; Library Name ;
+-------------------------------------------+-------------------+--------------+-------------+--------------+---------+-----------+------+--------------+------------------------------------------------------------------------------------------------------------------+--------------+
; |projetoProcessador                       ; 245 (171)         ; 184 (6)      ; 4416        ; 0            ; 0       ; 0         ; 9    ; 0            ; |projetoProcessador                                                                                              ; work         ;
;    |Alu:alu|                              ; 32 (32)           ; 0 (0)        ; 0           ; 0            ; 0       ; 0         ; 0    ; 0            ; |projetoProcessador|Alu:alu                                                                                      ; work         ;
;    |dec3to8:decX|                         ; 8 (8)             ; 0 (0)        ; 0           ; 0            ; 0       ; 0         ; 0    ; 0            ; |projetoProcessador|dec3to8:decX                                                                                 ; work         ;
;    |instr_memory:memInstr|                ; 0 (0)             ; 0 (0)        ; 320         ; 0            ; 0       ; 0         ; 0    ; 0            ; |projetoProcessador|instr_memory:memInstr                                                                        ; work         ;
;       |altsyncram:altsyncram_component|   ; 0 (0)             ; 0 (0)        ; 320         ; 0            ; 0       ; 0         ; 0    ; 0            ; |projetoProcessador|instr_memory:memInstr|altsyncram:altsyncram_component                                        ; work         ;
;          |altsyncram_vk71:auto_generated| ; 0 (0)             ; 0 (0)        ; 320         ; 0            ; 0       ; 0         ; 0    ; 0            ; |projetoProcessador|instr_memory:memInstr|altsyncram:altsyncram_component|altsyncram_vk71:auto_generated         ; work         ;
;    |memoriaPrincipal:memPrincipal|        ; 0 (0)             ; 0 (0)        ; 4096        ; 0            ; 0       ; 0         ; 0    ; 0            ; |projetoProcessador|memoriaPrincipal:memPrincipal                                                                ; work         ;
;       |altsyncram:altsyncram_component|   ; 0 (0)             ; 0 (0)        ; 4096        ; 0            ; 0       ; 0         ; 0    ; 0            ; |projetoProcessador|memoriaPrincipal:memPrincipal|altsyncram:altsyncram_component                                ; work         ;
;          |altsyncram_ffd1:auto_generated| ; 0 (0)             ; 0 (0)        ; 4096        ; 0            ; 0       ; 0         ; 0    ; 0            ; |projetoProcessador|memoriaPrincipal:memPrincipal|altsyncram:altsyncram_component|altsyncram_ffd1:auto_generated ; work         ;
;    |pc_counter:reg_7|                     ; 17 (17)           ; 16 (16)      ; 0           ; 0            ; 0       ; 0         ; 0    ; 0            ; |projetoProcessador|pc_counter:reg_7                                                                             ; work         ;
;    |regn:A|                               ; 0 (0)             ; 16 (16)      ; 0           ; 0            ; 0       ; 0         ; 0    ; 0            ; |projetoProcessador|regn:A                                                                                       ; work         ;
;    |regn:regAddr|                         ; 0 (0)             ; 8 (8)        ; 0           ; 0            ; 0       ; 0         ; 0    ; 0            ; |projetoProcessador|regn:regAddr                                                                                 ; work         ;
;    |regn:regG|                            ; 17 (17)           ; 16 (16)      ; 0           ; 0            ; 0       ; 0         ; 0    ; 0            ; |projetoProcessador|regn:regG                                                                                    ; work         ;
;    |regn:regIR|                           ; 0 (0)             ; 10 (10)      ; 0           ; 0            ; 0       ; 0         ; 0    ; 0            ; |projetoProcessador|regn:regIR                                                                                   ; work         ;
;    |regn:reg_0|                           ; 0 (0)             ; 16 (16)      ; 0           ; 0            ; 0       ; 0         ; 0    ; 0            ; |projetoProcessador|regn:reg_0                                                                                   ; work         ;
;    |regn:reg_1|                           ; 0 (0)             ; 16 (16)      ; 0           ; 0            ; 0       ; 0         ; 0    ; 0            ; |projetoProcessador|regn:reg_1                                                                                   ; work         ;
;    |regn:reg_2|                           ; 0 (0)             ; 16 (16)      ; 0           ; 0            ; 0       ; 0         ; 0    ; 0            ; |projetoProcessador|regn:reg_2                                                                                   ; work         ;
;    |regn:reg_3|                           ; 0 (0)             ; 16 (16)      ; 0           ; 0            ; 0       ; 0         ; 0    ; 0            ; |projetoProcessador|regn:reg_3                                                                                   ; work         ;
;    |regn:reg_4|                           ; 0 (0)             ; 16 (16)      ; 0           ; 0            ; 0       ; 0         ; 0    ; 0            ; |projetoProcessador|regn:reg_4                                                                                   ; work         ;
;    |regn:reg_5|                           ; 0 (0)             ; 16 (16)      ; 0           ; 0            ; 0       ; 0         ; 0    ; 0            ; |projetoProcessador|regn:reg_5                                                                                   ; work         ;
;    |regn:reg_6|                           ; 0 (0)             ; 16 (16)      ; 0           ; 0            ; 0       ; 0         ; 0    ; 0            ; |projetoProcessador|regn:reg_6                                                                                   ; work         ;
+-------------------------------------------+-------------------+--------------+-------------+--------------+---------+-----------+------+--------------+------------------------------------------------------------------------------------------------------------------+--------------+
Note: For table entries with two numbers listed, the numbers in parentheses indicate the number of resources of the given type used by the specific entity alone. The numbers listed outside of parentheses indicate the total resources of the given type used by the specific entity and all of its sub-entities in the hierarchy.


+-------------------------------------------------------------------------------------------------------------------------------------------------------------------------------------------------------------------+
; Analysis & Synthesis RAM Summary                                                                                                                                                                                  ;
+---------------------------------------------------------------------------------------------------------+------+-------------+--------------+--------------+--------------+--------------+------+-----------------+
; Name                                                                                                    ; Type ; Mode        ; Port A Depth ; Port A Width ; Port B Depth ; Port B Width ; Size ; MIF             ;
+---------------------------------------------------------------------------------------------------------+------+-------------+--------------+--------------+--------------+--------------+------+-----------------+
; instr_memory:memInstr|altsyncram:altsyncram_component|altsyncram_vk71:auto_generated|ALTSYNCRAM         ; AUTO ; ROM         ; 32           ; 16           ; --           ; --           ; 512  ; intr_memory.mif ;
; memoriaPrincipal:memPrincipal|altsyncram:altsyncram_component|altsyncram_ffd1:auto_generated|ALTSYNCRAM ; AUTO ; Single Port ; 256          ; 16           ; --           ; --           ; 4096 ; data_memory.mif ;
+---------------------------------------------------------------------------------------------------------+------+-------------+--------------+--------------+--------------+--------------+------+-----------------+


+---------------------------------------------------------------------------------------------------------------------------------------------------------------------+
; Analysis & Synthesis IP Cores Summary                                                                                                                               ;
+--------+--------------+---------+--------------+--------------+---------------------------------------------------+-------------------------------------------------+
; Vendor ; IP Core Name ; Version ; Release Date ; License Type ; Entity Instance                                   ; IP Include File                                 ;
+--------+--------------+---------+--------------+--------------+---------------------------------------------------+-------------------------------------------------+
; Altera ; ROM: 1-PORT  ; N/A     ; N/A          ; N/A          ; |projetoProcessador|instr_memory:memInstr         ; C:/pastaX/projetoProcessador/instr_memory.v     ;
; Altera ; RAM: 1-PORT  ; 13.0    ; N/A          ; N/A          ; |projetoProcessador|memoriaPrincipal:memPrincipal ; C:/pastaX/projetoProcessador/memoriaPrincipal.v ;
+--------+--------------+---------+--------------+--------------+---------------------------------------------------+-------------------------------------------------+


Encoding Type:  One-Hot
+------------------------------------------------------------------------------------------+
; State Machine - |projetoProcessador|Tstep_Q                                              ;
+------------+------------+------------+------------+------------+------------+------------+
; Name       ; Tstep_Q.T5 ; Tstep_Q.T4 ; Tstep_Q.T3 ; Tstep_Q.T2 ; Tstep_Q.T1 ; Tstep_Q.T0 ;
+------------+------------+------------+------------+------------+------------+------------+
; Tstep_Q.T0 ; 0          ; 0          ; 0          ; 0          ; 0          ; 0          ;
; Tstep_Q.T1 ; 0          ; 0          ; 0          ; 0          ; 1          ; 1          ;
; Tstep_Q.T2 ; 0          ; 0          ; 0          ; 1          ; 0          ; 1          ;
; Tstep_Q.T3 ; 0          ; 0          ; 1          ; 0          ; 0          ; 1          ;
; Tstep_Q.T4 ; 0          ; 1          ; 0          ; 0          ; 0          ; 1          ;
; Tstep_Q.T5 ; 1          ; 0          ; 0          ; 0          ; 0          ; 1          ;
+------------+------------+------------+------------+------------+------------+------------+


+---------------------------------------------------------------------------------------------------+
; User-Specified and Inferred Latches                                                               ;
+----------------------------------------------------+---------------------+------------------------+
; Latch Name                                         ; Latch Enable Signal ; Free of Timing Hazards ;
+----------------------------------------------------+---------------------+------------------------+
; Select[0]                                          ; Selector3           ; yes                    ;
; Select[3]                                          ; Selector3           ; yes                    ;
; Select[2]                                          ; Selector3           ; yes                    ;
; Select[1]                                          ; Selector3           ; yes                    ;
; Number of user-specified and inferred latches = 4  ;                     ;                        ;
+----------------------------------------------------+---------------------+------------------------+
Note: All latches listed above may not be present at the end of synthesis due to various synthesis optimizations.


+---------------------------------------------------------------------------------+
; Registers Removed During Synthesis                                              ;
+----------------------------------------+----------------------------------------+
; Register name                          ; Reason for Removal                     ;
+----------------------------------------+----------------------------------------+
; regW:Wren|W                            ; Stuck at VCC due to stuck port data_in ;
; regn:WDout|R_OUT[0..15]                ; Stuck at GND due to stuck port clock   ;
; Tstep_Q~4                              ; Lost fanout                            ;
; Tstep_Q~5                              ; Lost fanout                            ;
; Tstep_Q~6                              ; Lost fanout                            ;
; Total Number of Removed Registers = 20 ;                                        ;
+----------------------------------------+----------------------------------------+


+-----------------------------------------------------------------------------------------------------------------------------------+
; Removed Registers Triggering Further Register Optimizations                                                                       ;
+---------------+---------------------------+---------------------------------------------------------------------------------------+
; Register name ; Reason for Removal        ; Registers Removed due to This Register                                                ;
+---------------+---------------------------+---------------------------------------------------------------------------------------+
; regW:Wren|W   ; Stuck at VCC              ; regn:WDout|R_OUT[0], regn:WDout|R_OUT[1], regn:WDout|R_OUT[2], regn:WDout|R_OUT[3],   ;
;               ; due to stuck port data_in ; regn:WDout|R_OUT[4], regn:WDout|R_OUT[5], regn:WDout|R_OUT[6], regn:WDout|R_OUT[7],   ;
;               ;                           ; regn:WDout|R_OUT[8], regn:WDout|R_OUT[9], regn:WDout|R_OUT[10], regn:WDout|R_OUT[11], ;
;               ;                           ; regn:WDout|R_OUT[12]                                                                  ;
+---------------+---------------------------+---------------------------------------------------------------------------------------+


+------------------------------------------------------+
; General Register Statistics                          ;
+----------------------------------------------+-------+
; Statistic                                    ; Value ;
+----------------------------------------------+-------+
; Total registers                              ; 184   ;
; Number of registers using Synchronous Clear  ; 0     ;
; Number of registers using Synchronous Load   ; 32    ;
; Number of registers using Asynchronous Clear ; 6     ;
; Number of registers using Asynchronous Load  ; 0     ;
; Number of registers using Clock Enable       ; 162   ;
; Number of registers using Preset             ; 0     ;
+----------------------------------------------+-------+


+----------------------------------------------------------------------------------------------------------------------------------------------------------------+
; Multiplexer Restructuring Statistics (Restructuring Performed)                                                                                                 ;
+--------------------+-----------+---------------+----------------------+------------------------+------------+--------------------------------------------------+
; Multiplexer Inputs ; Bus Width ; Baseline Area ; Area if Restructured ; Saving if Restructured ; Registered ; Example Multiplexer Output                       ;
+--------------------+-----------+---------------+----------------------+------------------------+------------+--------------------------------------------------+
; 3:1                ; 16 bits   ; 32 LEs        ; 16 LEs               ; 16 LEs                 ; Yes        ; |projetoProcessador|pc_counter:reg_7|saida_pc[4] ;
; 12:1               ; 16 bits   ; 128 LEs       ; 112 LEs              ; 16 LEs                 ; No         ; |projetoProcessador|Mux27                        ;
; 17:1               ; 2 bits    ; 22 LEs        ; 12 LEs               ; 10 LEs                 ; No         ; |projetoProcessador|Selector2                    ;
+--------------------+-----------+---------------+----------------------+------------------------+------------+--------------------------------------------------+


+-------------------------------------------------------------------------------------------------------------+
; Source assignments for instr_memory:memInstr|altsyncram:altsyncram_component|altsyncram_vk71:auto_generated ;
+---------------------------------+--------------------+------+-----------------------------------------------+
; Assignment                      ; Value              ; From ; To                                            ;
+---------------------------------+--------------------+------+-----------------------------------------------+
; OPTIMIZE_POWER_DURING_SYNTHESIS ; NORMAL_COMPILATION ; -    ; -                                             ;
+---------------------------------+--------------------+------+-----------------------------------------------+


+---------------------------------------------------------------------------------------------------------------------+
; Source assignments for memoriaPrincipal:memPrincipal|altsyncram:altsyncram_component|altsyncram_ffd1:auto_generated ;
+---------------------------------+--------------------+------+-------------------------------------------------------+
; Assignment                      ; Value              ; From ; To                                                    ;
+---------------------------------+--------------------+------+-------------------------------------------------------+
; OPTIMIZE_POWER_DURING_SYNTHESIS ; NORMAL_COMPILATION ; -    ; -                                                     ;
+---------------------------------+--------------------+------+-------------------------------------------------------+


+------------------------------------------------------------------------------------+
; Parameter Settings for User Entity Instance: Top-level Entity: |projetoProcessador ;
+----------------+-------+-----------------------------------------------------------+
; Parameter Name ; Value ; Type                                                      ;
+----------------+-------+-----------------------------------------------------------+
; T0             ; 000   ; Unsigned Binary                                           ;
; T1             ; 001   ; Unsigned Binary                                           ;
; T2             ; 010   ; Unsigned Binary                                           ;
; T3             ; 011   ; Unsigned Binary                                           ;
; T4             ; 100   ; Unsigned Binary                                           ;
; T5             ; 101   ; Unsigned Binary                                           ;
; mv             ; 000   ; Unsigned Binary                                           ;
; mvt            ; 001   ; Unsigned Binary                                           ;
; add            ; 010   ; Unsigned Binary                                           ;
; sub            ; 011   ; Unsigned Binary                                           ;
; load           ; 100   ; Unsigned Binary                                           ;
; store          ; 101   ; Unsigned Binary                                           ;
; _and           ; 110   ; Unsigned Binary                                           ;
; b_cond         ; 111   ; Unsigned Binary                                           ;
; _R0            ; 0000  ; Unsigned Binary                                           ;
; _R1            ; 0001  ; Unsigned Binary                                           ;
; _R2            ; 0010  ; Unsigned Binary                                           ;
; _R3            ; 0011  ; Unsigned Binary                                           ;
; _R4            ; 0100  ; Unsigned Binary                                           ;
; _R5            ; 0101  ; Unsigned Binary                                           ;
; _R6            ; 0110  ; Unsigned Binary                                           ;
; _PC            ; 0111  ; Unsigned Binary                                           ;
; _G             ; 1000  ; Unsigned Binary                                           ;
; _IR8_IR8_0     ; 1001  ; Unsigned Binary                                           ;
; _IR7_0_0       ; 1010  ; Unsigned Binary                                           ;
; _DIN           ; 1011  ; Unsigned Binary                                           ;
+----------------+-------+-----------------------------------------------------------+
Note: In order to hide this table in the UI and the text report file, please set the "Show Parameter Settings in Synthesis Report" option in "Analysis and Synthesis Settings -> More Settings" to "Off".


+----------------------------------------------------------------------------------------------------+
; Parameter Settings for User Entity Instance: instr_memory:memInstr|altsyncram:altsyncram_component ;
+------------------------------------+----------------------+----------------------------------------+
; Parameter Name                     ; Value                ; Type                                   ;
+------------------------------------+----------------------+----------------------------------------+
; BYTE_SIZE_BLOCK                    ; 8                    ; Untyped                                ;
; AUTO_CARRY_CHAINS                  ; ON                   ; AUTO_CARRY                             ;
; IGNORE_CARRY_BUFFERS               ; OFF                  ; IGNORE_CARRY                           ;
; AUTO_CASCADE_CHAINS                ; ON                   ; AUTO_CASCADE                           ;
; IGNORE_CASCADE_BUFFERS             ; OFF                  ; IGNORE_CASCADE                         ;
; WIDTH_BYTEENA                      ; 1                    ; Untyped                                ;
; OPERATION_MODE                     ; ROM                  ; Untyped                                ;
; WIDTH_A                            ; 16                   ; Signed Integer                         ;
; WIDTHAD_A                          ; 5                    ; Signed Integer                         ;
; NUMWORDS_A                         ; 32                   ; Signed Integer                         ;
; OUTDATA_REG_A                      ; CLOCK0               ; Untyped                                ;
; ADDRESS_ACLR_A                     ; NONE                 ; Untyped                                ;
; OUTDATA_ACLR_A                     ; NONE                 ; Untyped                                ;
; WRCONTROL_ACLR_A                   ; NONE                 ; Untyped                                ;
; INDATA_ACLR_A                      ; NONE                 ; Untyped                                ;
; BYTEENA_ACLR_A                     ; NONE                 ; Untyped                                ;
; WIDTH_B                            ; 1                    ; Untyped                                ;
; WIDTHAD_B                          ; 1                    ; Untyped                                ;
; NUMWORDS_B                         ; 1                    ; Untyped                                ;
; INDATA_REG_B                       ; CLOCK1               ; Untyped                                ;
; WRCONTROL_WRADDRESS_REG_B          ; CLOCK1               ; Untyped                                ;
; RDCONTROL_REG_B                    ; CLOCK1               ; Untyped                                ;
; ADDRESS_REG_B                      ; CLOCK1               ; Untyped                                ;
; OUTDATA_REG_B                      ; UNREGISTERED         ; Untyped                                ;
; BYTEENA_REG_B                      ; CLOCK1               ; Untyped                                ;
; INDATA_ACLR_B                      ; NONE                 ; Untyped                                ;
; WRCONTROL_ACLR_B                   ; NONE                 ; Untyped                                ;
; ADDRESS_ACLR_B                     ; NONE                 ; Untyped                                ;
; OUTDATA_ACLR_B                     ; NONE                 ; Untyped                                ;
; RDCONTROL_ACLR_B                   ; NONE                 ; Untyped                                ;
; BYTEENA_ACLR_B                     ; NONE                 ; Untyped                                ;
; WIDTH_BYTEENA_A                    ; 1                    ; Signed Integer                         ;
; WIDTH_BYTEENA_B                    ; 1                    ; Untyped                                ;
; RAM_BLOCK_TYPE                     ; AUTO                 ; Untyped                                ;
; BYTE_SIZE                          ; 8                    ; Untyped                                ;
; READ_DURING_WRITE_MODE_MIXED_PORTS ; DONT_CARE            ; Untyped                                ;
; READ_DURING_WRITE_MODE_PORT_A      ; NEW_DATA_NO_NBE_READ ; Untyped                                ;
; READ_DURING_WRITE_MODE_PORT_B      ; NEW_DATA_NO_NBE_READ ; Untyped                                ;
; INIT_FILE                          ; intr_memory.mif      ; Untyped                                ;
; INIT_FILE_LAYOUT                   ; PORT_A               ; Untyped                                ;
; MAXIMUM_DEPTH                      ; 0                    ; Untyped                                ;
; CLOCK_ENABLE_INPUT_A               ; BYPASS               ; Untyped                                ;
; CLOCK_ENABLE_INPUT_B               ; NORMAL               ; Untyped                                ;
; CLOCK_ENABLE_OUTPUT_A              ; BYPASS               ; Untyped                                ;
; CLOCK_ENABLE_OUTPUT_B              ; NORMAL               ; Untyped                                ;
; CLOCK_ENABLE_CORE_A                ; USE_INPUT_CLKEN      ; Untyped                                ;
; CLOCK_ENABLE_CORE_B                ; USE_INPUT_CLKEN      ; Untyped                                ;
; ENABLE_ECC                         ; FALSE                ; Untyped                                ;
; ECC_PIPELINE_STAGE_ENABLED         ; FALSE                ; Untyped                                ;
; WIDTH_ECCSTATUS                    ; 3                    ; Untyped                                ;
; DEVICE_FAMILY                      ; Cyclone II           ; Untyped                                ;
; CBXI_PARAMETER                     ; altsyncram_vk71      ; Untyped                                ;
+------------------------------------+----------------------+----------------------------------------+
Note: In order to hide this table in the UI and the text report file, please set the "Show Parameter Settings in Synthesis Report" option in "Analysis and Synthesis Settings -> More Settings" to "Off".


+------------------------------------------------------------------------------------------------------------+
; Parameter Settings for User Entity Instance: memoriaPrincipal:memPrincipal|altsyncram:altsyncram_component ;
+------------------------------------+----------------------+------------------------------------------------+
; Parameter Name                     ; Value                ; Type                                           ;
+------------------------------------+----------------------+------------------------------------------------+
; BYTE_SIZE_BLOCK                    ; 8                    ; Untyped                                        ;
; AUTO_CARRY_CHAINS                  ; ON                   ; AUTO_CARRY                                     ;
; IGNORE_CARRY_BUFFERS               ; OFF                  ; IGNORE_CARRY                                   ;
; AUTO_CASCADE_CHAINS                ; ON                   ; AUTO_CASCADE                                   ;
; IGNORE_CASCADE_BUFFERS             ; OFF                  ; IGNORE_CASCADE                                 ;
; WIDTH_BYTEENA                      ; 1                    ; Untyped                                        ;
; OPERATION_MODE                     ; SINGLE_PORT          ; Untyped                                        ;
; WIDTH_A                            ; 16                   ; Signed Integer                                 ;
; WIDTHAD_A                          ; 8                    ; Signed Integer                                 ;
; NUMWORDS_A                         ; 256                  ; Signed Integer                                 ;
; OUTDATA_REG_A                      ; UNREGISTERED         ; Untyped                                        ;
; ADDRESS_ACLR_A                     ; NONE                 ; Untyped                                        ;
; OUTDATA_ACLR_A                     ; NONE                 ; Untyped                                        ;
; WRCONTROL_ACLR_A                   ; NONE                 ; Untyped                                        ;
; INDATA_ACLR_A                      ; NONE                 ; Untyped                                        ;
; BYTEENA_ACLR_A                     ; NONE                 ; Untyped                                        ;
; WIDTH_B                            ; 1                    ; Untyped                                        ;
; WIDTHAD_B                          ; 1                    ; Untyped                                        ;
; NUMWORDS_B                         ; 1                    ; Untyped                                        ;
; INDATA_REG_B                       ; CLOCK1               ; Untyped                                        ;
; WRCONTROL_WRADDRESS_REG_B          ; CLOCK1               ; Untyped                                        ;
; RDCONTROL_REG_B                    ; CLOCK1               ; Untyped                                        ;
; ADDRESS_REG_B                      ; CLOCK1               ; Untyped                                        ;
; OUTDATA_REG_B                      ; UNREGISTERED         ; Untyped                                        ;
; BYTEENA_REG_B                      ; CLOCK1               ; Untyped                                        ;
; INDATA_ACLR_B                      ; NONE                 ; Untyped                                        ;
; WRCONTROL_ACLR_B                   ; NONE                 ; Untyped                                        ;
; ADDRESS_ACLR_B                     ; NONE                 ; Untyped                                        ;
; OUTDATA_ACLR_B                     ; NONE                 ; Untyped                                        ;
; RDCONTROL_ACLR_B                   ; NONE                 ; Untyped                                        ;
; BYTEENA_ACLR_B                     ; NONE                 ; Untyped                                        ;
; WIDTH_BYTEENA_A                    ; 1                    ; Signed Integer                                 ;
; WIDTH_BYTEENA_B                    ; 1                    ; Untyped                                        ;
; RAM_BLOCK_TYPE                     ; AUTO                 ; Untyped                                        ;
; BYTE_SIZE                          ; 8                    ; Untyped                                        ;
; READ_DURING_WRITE_MODE_MIXED_PORTS ; DONT_CARE            ; Untyped                                        ;
; READ_DURING_WRITE_MODE_PORT_A      ; NEW_DATA_NO_NBE_READ ; Untyped                                        ;
; READ_DURING_WRITE_MODE_PORT_B      ; NEW_DATA_NO_NBE_READ ; Untyped                                        ;
; INIT_FILE                          ; data_memory.mif      ; Untyped                                        ;
; INIT_FILE_LAYOUT                   ; PORT_A               ; Untyped                                        ;
; MAXIMUM_DEPTH                      ; 0                    ; Untyped                                        ;
; CLOCK_ENABLE_INPUT_A               ; BYPASS               ; Untyped                                        ;
; CLOCK_ENABLE_INPUT_B               ; NORMAL               ; Untyped                                        ;
; CLOCK_ENABLE_OUTPUT_A              ; BYPASS               ; Untyped                                        ;
; CLOCK_ENABLE_OUTPUT_B              ; NORMAL               ; Untyped                                        ;
; CLOCK_ENABLE_CORE_A                ; USE_INPUT_CLKEN      ; Untyped                                        ;
; CLOCK_ENABLE_CORE_B                ; USE_INPUT_CLKEN      ; Untyped                                        ;
; ENABLE_ECC                         ; FALSE                ; Untyped                                        ;
; ECC_PIPELINE_STAGE_ENABLED         ; FALSE                ; Untyped                                        ;
; WIDTH_ECCSTATUS                    ; 3                    ; Untyped                                        ;
; DEVICE_FAMILY                      ; Cyclone II           ; Untyped                                        ;
; CBXI_PARAMETER                     ; altsyncram_ffd1      ; Untyped                                        ;
+------------------------------------+----------------------+------------------------------------------------+
Note: In order to hide this table in the UI and the text report file, please set the "Show Parameter Settings in Synthesis Report" option in "Analysis and Synthesis Settings -> More Settings" to "Off".


+-----------------------------------------------------------------------------------------------------------+
; altsyncram Parameter Settings by Entity Instance                                                          ;
+-------------------------------------------+---------------------------------------------------------------+
; Name                                      ; Value                                                         ;
+-------------------------------------------+---------------------------------------------------------------+
; Number of entity instances                ; 2                                                             ;
; Entity Instance                           ; instr_memory:memInstr|altsyncram:altsyncram_component         ;
;     -- OPERATION_MODE                     ; ROM                                                           ;
;     -- WIDTH_A                            ; 16                                                            ;
;     -- NUMWORDS_A                         ; 32                                                            ;
;     -- OUTDATA_REG_A                      ; CLOCK0                                                        ;
;     -- WIDTH_B                            ; 1                                                             ;
;     -- NUMWORDS_B                         ; 1                                                             ;
;     -- ADDRESS_REG_B                      ; CLOCK1                                                        ;
;     -- OUTDATA_REG_B                      ; UNREGISTERED                                                  ;
;     -- RAM_BLOCK_TYPE                     ; AUTO                                                          ;
;     -- READ_DURING_WRITE_MODE_MIXED_PORTS ; DONT_CARE                                                     ;
; Entity Instance                           ; memoriaPrincipal:memPrincipal|altsyncram:altsyncram_component ;
;     -- OPERATION_MODE                     ; SINGLE_PORT                                                   ;
;     -- WIDTH_A                            ; 16                                                            ;
;     -- NUMWORDS_A                         ; 256                                                           ;
;     -- OUTDATA_REG_A                      ; UNREGISTERED                                                  ;
;     -- WIDTH_B                            ; 1                                                             ;
;     -- NUMWORDS_B                         ; 1                                                             ;
;     -- ADDRESS_REG_B                      ; CLOCK1                                                        ;
;     -- OUTDATA_REG_B                      ; UNREGISTERED                                                  ;
;     -- RAM_BLOCK_TYPE                     ; AUTO                                                          ;
;     -- READ_DURING_WRITE_MODE_MIXED_PORTS ; DONT_CARE                                                     ;
+-------------------------------------------+---------------------------------------------------------------+


+----------------------------------------+
; Port Connectivity Checks: "regn:A"     ;
+------+-------+----------+--------------+
; Port ; Type  ; Severity ; Details      ;
+------+-------+----------+--------------+
; R_IN ; Input ; Info     ; Stuck at VCC ;
+------+-------+----------+--------------+


+----------------------------------------+
; Port Connectivity Checks: "regW:Wren"  ;
+------+-------+----------+--------------+
; Port ; Type  ; Severity ; Details      ;
+------+-------+----------+--------------+
; Wd   ; Input ; Info     ; Stuck at VCC ;
+------+-------+----------+--------------+


+-----------------------------------------+
; Port Connectivity Checks: "regn:WDout"  ;
+-------+-------+----------+--------------+
; Port  ; Type  ; Severity ; Details      ;
+-------+-------+----------+--------------+
; clock ; Input ; Info     ; Stuck at VCC ;
+-------+-------+----------+--------------+


+------------------------------------------------------------------------------------------------------------------------+
; Port Connectivity Checks: "regn:regAddr"                                                                               ;
+--------------+--------+----------+-------------------------------------------------------------------------------------+
; Port         ; Type   ; Severity ; Details                                                                             ;
+--------------+--------+----------+-------------------------------------------------------------------------------------+
; R_OUT[15..8] ; Output ; Info     ; Connected to dangling logic. Logic that only feeds a dangling port will be removed. ;
+--------------+--------+----------+-------------------------------------------------------------------------------------+


+-----------------------------------------------------------------------------------------------------------------------+
; Port Connectivity Checks: "regn:regIR"                                                                                ;
+-------------+--------+----------+-------------------------------------------------------------------------------------+
; Port        ; Type   ; Severity ; Details                                                                             ;
+-------------+--------+----------+-------------------------------------------------------------------------------------+
; R_OUT[8..3] ; Output ; Info     ; Connected to dangling logic. Logic that only feeds a dangling port will be removed. ;
+-------------+--------+----------+-------------------------------------------------------------------------------------+


+----------------------------------------------------------------------------------------------------------------+
; Port Connectivity Checks: "dec3to8:decX"                                                                       ;
+------+--------+----------+-------------------------------------------------------------------------------------+
; Port ; Type   ; Severity ; Details                                                                             ;
+------+--------+----------+-------------------------------------------------------------------------------------+
; Y[7] ; Output ; Info     ; Connected to dangling logic. Logic that only feeds a dangling port will be removed. ;
+------+--------+----------+-------------------------------------------------------------------------------------+


+-------------------------------+
; Elapsed Time Per Partition    ;
+----------------+--------------+
; Partition Name ; Elapsed Time ;
+----------------+--------------+
; Top            ; 00:00:01     ;
+----------------+--------------+


+-------------------------------+
; Analysis & Synthesis Messages ;
+-------------------------------+
Info: *******************************************************************
Info: Running Quartus II 64-Bit Analysis & Synthesis
    Info: Version 13.0.1 Build 232 06/12/2013 Service Pack 1 SJ Web Edition
    Info: Processing started: Fri Oct 14 03:17:50 2022
Info: Command: quartus_map --read_settings_files=on --write_settings_files=off projetoProcessador -c projetoProcessador
Warning (20028): Parallel compilation is not licensed and has been disabled
Warning (12019): Can't analyze file -- file processador.v is missing
Info (12021): Found 1 design units, including 1 entities, in source file projetoprocessador_tb.v
    Info (12023): Found entity 1: projetoProcessador_tb
Info (12021): Found 8 design units, including 8 entities, in source file projetoprocessador.v
    Info (12023): Found entity 1: projetoProcessador
    Info (12023): Found entity 2: dec3to8
    Info (12023): Found entity 3: regW
    Info (12023): Found entity 4: pc_counter
    Info (12023): Found entity 5: regInstr
    Info (12023): Found entity 6: regn
    Info (12023): Found entity 7: Alu
    Info (12023): Found entity 8: barrel
Info (12021): Found 1 design units, including 1 entities, in source file memory.v
    Info (12023): Found entity 1: memory
Info (12021): Found 1 design units, including 1 entities, in source file memoriaprincipal.v
    Info (12023): Found entity 1: memoriaPrincipal
Warning (10236): Verilog HDL Implicit Net warning at projetoProcessador.v(41): created implicit net for "Reset"
Info (12127): Elaborating entity "projetoProcessador" for the top level hierarchy
Warning (10858): Verilog HDL warning at projetoProcessador.v(5): object IR used but never assigned
Warning (10270): Verilog HDL Case Statement warning at projetoProcessador.v(166): incomplete case statement has no default case item
Info (10264): Verilog HDL Case Statement information at projetoProcessador.v(166): all case item expressions in this case statement are onehot
Warning (10270): Verilog HDL Case Statement warning at projetoProcessador.v(180): incomplete case statement has no default case item
Warning (10230): Verilog HDL assignment warning at projetoProcessador.v(241): truncated value with size 16 to match size of target (4)
Warning (10270): Verilog HDL Case Statement warning at projetoProcessador.v(226): incomplete case statement has no default case item
Warning (10240): Verilog HDL Always Construct warning at projetoProcessador.v(109): inferring latch(es) for variable "Select", which holds its previous value in one or more paths through the always construct
Warning (10240): Verilog HDL Always Construct warning at projetoProcessador.v(109): inferring latch(es) for variable "A_in", which holds its previous value in one or more paths through the always construct
Warning (10240): Verilog HDL Always Construct warning at projetoProcessador.v(109): inferring latch(es) for variable "DOUT_in", which holds its previous value in one or more paths through the always construct
Warning (10240): Verilog HDL Always Construct warning at projetoProcessador.v(109): inferring latch(es) for variable "Wd", which holds its previous value in one or more paths through the always construct
Warning (10030): Net "IR[8..0]" at projetoProcessador.v(5) has no driver or initial value, using a default initial value '0'
Info (10041): Inferred latch for "Wd" at projetoProcessador.v(109)
Info (10041): Inferred latch for "DOUT_in" at projetoProcessador.v(109)
Info (10041): Inferred latch for "A_in" at projetoProcessador.v(109)
Info (10041): Inferred latch for "Select[0]" at projetoProcessador.v(109)
Info (10041): Inferred latch for "Select[1]" at projetoProcessador.v(109)
Info (10041): Inferred latch for "Select[2]" at projetoProcessador.v(109)
Info (10041): Inferred latch for "Select[3]" at projetoProcessador.v(109)
Info (12128): Elaborating entity "dec3to8" for hierarchy "dec3to8:decX"
Warning (12125): Using design file instr_memory.v, which is not specified as a design file for the current project, but contains definitions for 1 design units and 1 entities in project
    Info (12023): Found entity 1: instr_memory
Info (12128): Elaborating entity "instr_memory" for hierarchy "instr_memory:memInstr"
Info (12128): Elaborating entity "altsyncram" for hierarchy "instr_memory:memInstr|altsyncram:altsyncram_component"
Info (12130): Elaborated megafunction instantiation "instr_memory:memInstr|altsyncram:altsyncram_component"
Info (12133): Instantiated megafunction "instr_memory:memInstr|altsyncram:altsyncram_component" with the following parameter:
    Info (12134): Parameter "clock_enable_input_a" = "BYPASS"
    Info (12134): Parameter "clock_enable_output_a" = "BYPASS"
    Info (12134): Parameter "init_file" = "intr_memory.mif"
    Info (12134): Parameter "intended_device_family" = "Cyclone II"
    Info (12134): Parameter "lpm_hint" = "ENABLE_RUNTIME_MOD=NO"
    Info (12134): Parameter "lpm_type" = "altsyncram"
    Info (12134): Parameter "numwords_a" = "32"
    Info (12134): Parameter "operation_mode" = "ROM"
    Info (12134): Parameter "outdata_aclr_a" = "NONE"
    Info (12134): Parameter "outdata_reg_a" = "CLOCK0"
    Info (12134): Parameter "widthad_a" = "5"
    Info (12134): Parameter "width_a" = "16"
    Info (12134): Parameter "width_byteena_a" = "1"
Info (12021): Found 1 design units, including 1 entities, in source file db/altsyncram_vk71.tdf
    Info (12023): Found entity 1: altsyncram_vk71
Info (12128): Elaborating entity "altsyncram_vk71" for hierarchy "instr_memory:memInstr|altsyncram:altsyncram_component|altsyncram_vk71:auto_generated"
Info (12128): Elaborating entity "memoriaPrincipal" for hierarchy "memoriaPrincipal:memPrincipal"
Info (12128): Elaborating entity "altsyncram" for hierarchy "memoriaPrincipal:memPrincipal|altsyncram:altsyncram_component"
Info (12130): Elaborated megafunction instantiation "memoriaPrincipal:memPrincipal|altsyncram:altsyncram_component"
Info (12133): Instantiated megafunction "memoriaPrincipal:memPrincipal|altsyncram:altsyncram_component" with the following parameter:
    Info (12134): Parameter "clock_enable_input_a" = "BYPASS"
    Info (12134): Parameter "clock_enable_output_a" = "BYPASS"
    Info (12134): Parameter "init_file" = "data_memory.mif"
    Info (12134): Parameter "intended_device_family" = "Cyclone II"
    Info (12134): Parameter "lpm_hint" = "ENABLE_RUNTIME_MOD=NO"
    Info (12134): Parameter "lpm_type" = "altsyncram"
    Info (12134): Parameter "numwords_a" = "256"
    Info (12134): Parameter "operation_mode" = "SINGLE_PORT"
    Info (12134): Parameter "outdata_aclr_a" = "NONE"
    Info (12134): Parameter "outdata_reg_a" = "UNREGISTERED"
    Info (12134): Parameter "power_up_uninitialized" = "FALSE"
    Info (12134): Parameter "widthad_a" = "8"
    Info (12134): Parameter "width_a" = "16"
    Info (12134): Parameter "width_byteena_a" = "1"
Info (12021): Found 1 design units, including 1 entities, in source file db/altsyncram_ffd1.tdf
    Info (12023): Found entity 1: altsyncram_ffd1
Info (12128): Elaborating entity "altsyncram_ffd1" for hierarchy "memoriaPrincipal:memPrincipal|altsyncram:altsyncram_component|altsyncram_ffd1:auto_generated"
Info (12128): Elaborating entity "regn" for hierarchy "regn:regIR"
Info (12128): Elaborating entity "pc_counter" for hierarchy "pc_counter:reg_7"
Info (12128): Elaborating entity "regW" for hierarchy "regW:Wren"
Info (12128): Elaborating entity "Alu" for hierarchy "Alu:alu"
Warning (12011): Net is missing source, defaulting to GND
    Warning (12110): Net "Reset" is missing source, defaulting to GND
Warning (12011): Net is missing source, defaulting to GND
    Warning (12110): Net "Reset" is missing source, defaulting to GND
Warning (12011): Net is missing source, defaulting to GND
    Warning (12110): Net "Reset" is missing source, defaulting to GND
Warning (12011): Net is missing source, defaulting to GND
    Warning (12110): Net "Reset" is missing source, defaulting to GND
Warning (12011): Net is missing source, defaulting to GND
    Warning (12110): Net "Reset" is missing source, defaulting to GND
Warning (14284): Synthesized away the following node(s):
    Warning (14285): Synthesized away the following RAM node(s):
        Warning (14320): Synthesized away node "instr_memory:memInstr|altsyncram:altsyncram_component|altsyncram_vk71:auto_generated|q_a[3]"
        Warning (14320): Synthesized away node "instr_memory:memInstr|altsyncram:altsyncram_component|altsyncram_vk71:auto_generated|q_a[4]"
        Warning (14320): Synthesized away node "instr_memory:memInstr|altsyncram:altsyncram_component|altsyncram_vk71:auto_generated|q_a[5]"
        Warning (14320): Synthesized away node "instr_memory:memInstr|altsyncram:altsyncram_component|altsyncram_vk71:auto_generated|q_a[6]"
        Warning (14320): Synthesized away node "instr_memory:memInstr|altsyncram:altsyncram_component|altsyncram_vk71:auto_generated|q_a[7]"
        Warning (14320): Synthesized away node "instr_memory:memInstr|altsyncram:altsyncram_component|altsyncram_vk71:auto_generated|q_a[8]"
Warning (13012): Latch Select[0] has unsafe behavior
    Warning (13013): Ports D and ENA on the latch are fed by the same signal Tstep_Q.T5
Warning (13012): Latch Select[3] has unsafe behavior
    Warning (13013): Ports D and ENA on the latch are fed by the same signal Tstep_Q.T5
Warning (13012): Latch Select[2] has unsafe behavior
    Warning (13013): Ports D and ENA on the latch are fed by the same signal Tstep_Q.T5
Warning (13012): Latch Select[1] has unsafe behavior
    Warning (13013): Ports D and ENA on the latch are fed by the same signal Tstep_Q.T5
Info (17049): 3 registers lost all their fanouts during netlist optimizations.
Info (144001): Generated suppressed messages file C:/pastaX/projetoProcessador/output_files/projetoProcessador.map.smsg
Info (16010): Generating hard_block partition "hard_block:auto_generated_inst"
    Info (16011): Adding 0 node(s), including 0 DDIO, 0 PLL, 0 transceiver and 0 LCELL
Warning (21074): Design contains 5 input pin(s) that do not drive logic
    Warning (15610): No output dependent on input pin "DIN[0]"
    Warning (15610): No output dependent on input pin "DIN[1]"
    Warning (15610): No output dependent on input pin "DIN[2]"
    Warning (15610): No output dependent on input pin "DIN[3]"
    Warning (15610): No output dependent on input pin "DIN[4]"
Info (21057): Implemented 428 device resources after synthesis - the final resource count might be different
    Info (21058): Implemented 8 input pins
    Info (21059): Implemented 1 output pins
    Info (21061): Implemented 393 logic cells
    Info (21064): Implemented 26 RAM segments
Info: Quartus II 64-Bit Analysis & Synthesis was successful. 0 errors, 46 warnings
    Info: Peak virtual memory: 4619 megabytes
    Info: Processing ended: Fri Oct 14 03:17:53 2022
    Info: Elapsed time: 00:00:03
    Info: Total CPU time (on all processors): 00:00:02


+------------------------------------------+
; Analysis & Synthesis Suppressed Messages ;
+------------------------------------------+
The suppressed messages can be found in C:/pastaX/projetoProcessador/output_files/projetoProcessador.map.smsg.


