Flow report for projetoProcessador
Fri Oct 14 23:03:01 2022
Quartus II 64-Bit Version 13.0.1 Build 232 06/12/2013 Service Pack 1 SJ Web Edition


---------------------
; Table of Contents ;
---------------------
  1. Legal Notice
  2. Flow Summary
  3. Flow Settings
  4. Flow Non-Default Global Settings
  5. Flow Elapsed Time
  6. Flow OS Summary
  7. Flow Log
  8. Flow Messages
  9. Flow Suppressed Messages



----------------
; Legal Notice ;
----------------
Copyright (C) 1991-2013 Altera Corporation
Your use of Altera Corporation's design tools, logic functions 
and other software and tools, and its AMPP partner logic 
functions, and any output files from any of the foregoing 
(including device programming or simulation files), and any 
associated documentation or information are expressly subject 
to the terms and conditions of the Altera Program License 
Subscription Agreement, Altera MegaCore Function License 
Agreement, or other applicable license agreement, including, 
without limitation, that your use is for the sole purpose of 
programming logic devices manufactured by Altera and sold by 
Altera or its authorized distributors.  Please refer to the 
applicable agreement for further details.



+--------------------------------------------------------------------------------------+
; Flow Summary                                                                         ;
+------------------------------------+-------------------------------------------------+
; Flow Status                        ; Successful - Fri Oct 14 23:03:01 2022           ;
; Quartus II 64-Bit Version          ; 13.0.1 Build 232 06/12/2013 SP 1 SJ Web Edition ;
; Revision Name                      ; projetoProcessador                              ;
; Top-level Entity Name              ; projetoProcessador                              ;
; Family                             ; Cyclone II                                      ;
; Device                             ; EP2C35F672C6                                    ;
; Timing Models                      ; Final                                           ;
; Total logic elements               ; 640 / 33,216 ( 2 % )                            ;
;     Total combinational functions  ; 555 / 33,216 ( 2 % )                            ;
;     Dedicated logic registers      ; 207 / 33,216 ( < 1 % )                          ;
; Total registers                    ; 207                                             ;
; Total pins                         ; 148 / 475 ( 31 % )                              ;
; Total virtual pins                 ; 0                                               ;
; Total memory bits                  ; 4,608 / 483,840 ( < 1 % )                       ;
; Embedded Multiplier 9-bit elements ; 0 / 70 ( 0 % )                                  ;
; Total PLLs                         ; 0 / 4 ( 0 % )                                   ;
+------------------------------------+-------------------------------------------------+


+-----------------------------------------+
; Flow Settings                           ;
+-------------------+---------------------+
; Option            ; Setting             ;
+-------------------+---------------------+
; Start date & time ; 10/14/2022 23:02:34 ;
; Main task         ; Compilation         ;
; Revision Name     ; projetoProcessador  ;
+-------------------+---------------------+


+------------------------------------------------------------------------------------------------------------------------------------+
; Flow Non-Default Global Settings                                                                                                   ;
+--------------------------------------+---------------------------------------+---------------+-------------+-----------------------+
; Assignment Name                      ; Value                                 ; Default Value ; Entity Name ; Section Id            ;
+--------------------------------------+---------------------------------------+---------------+-------------+-----------------------+
; COMPILER_SIGNATURE_ID                ; 102021908197062.166579935310076       ; --            ; --          ; --                    ;
; EDA_DESIGN_INSTANCE_NAME             ; NA                                    ; --            ; --          ; projetoProcessador_tb ;
; EDA_DESIGN_INSTANCE_NAME             ; NA                                    ; --            ; --          ; testebenchTese01      ;
; EDA_DESIGN_INSTANCE_NAME             ; NA                                    ; --            ; --          ; testebench2           ;
; EDA_NATIVELINK_SIMULATION_TEST_BENCH ; projetoProcessador_tb                 ; --            ; --          ; eda_simulation        ;
; EDA_OUTPUT_DATA_FORMAT               ; Verilog Hdl                           ; --            ; --          ; eda_simulation        ;
; EDA_SIMULATION_TOOL                  ; ModelSim-Altera (Verilog)             ; <None>        ; --          ; --                    ;
; EDA_TEST_BENCH_ENABLE_STATUS         ; TEST_BENCH_MODE                       ; --            ; --          ; eda_simulation        ;
; EDA_TEST_BENCH_FILE                  ; projetoProcessador_tb.v               ; --            ; --          ; projetoProcessador_tb ;
; EDA_TEST_BENCH_FILE                  ; testeBenchTese01.v                    ; --            ; --          ; testebenchTese01      ;
; EDA_TEST_BENCH_FILE                  ; testbench2.v                          ; --            ; --          ; testebench2           ;
; EDA_TEST_BENCH_MODULE_NAME           ; projetoProcessador_tb                 ; --            ; --          ; projetoProcessador_tb ;
; EDA_TEST_BENCH_MODULE_NAME           ; testebenchTese01                      ; --            ; --          ; testebenchTese01      ;
; EDA_TEST_BENCH_MODULE_NAME           ; testebench2                           ; --            ; --          ; testebench2           ;
; EDA_TEST_BENCH_NAME                  ; projetoProcessador_tb                 ; --            ; --          ; eda_simulation        ;
; EDA_TEST_BENCH_NAME                  ; testebenchTese01                      ; --            ; --          ; eda_simulation        ;
; EDA_TEST_BENCH_NAME                  ; testebench2                           ; --            ; --          ; eda_simulation        ;
; EDA_TIME_SCALE                       ; 1 ps                                  ; --            ; --          ; eda_simulation        ;
; IP_TOOL_NAME                         ; RAM: 1-PORT                           ; --            ; --          ; --                    ;
; IP_TOOL_NAME                         ; RAM: 1-PORT                           ; --            ; --          ; --                    ;
; IP_TOOL_VERSION                      ; 13.0                                  ; --            ; --          ; --                    ;
; IP_TOOL_VERSION                      ; 13.0                                  ; --            ; --          ; --                    ;
; MAX_CORE_JUNCTION_TEMP               ; 85                                    ; --            ; --          ; --                    ;
; MIN_CORE_JUNCTION_TEMP               ; 0                                     ; --            ; --          ; --                    ;
; MISC_FILE                            ; memory.bsf                            ; --            ; --          ; --                    ;
; MISC_FILE                            ; memory_inst.v                         ; --            ; --          ; --                    ;
; MISC_FILE                            ; memory_bb.v                           ; --            ; --          ; --                    ;
; MISC_FILE                            ; memory.inc                            ; --            ; --          ; --                    ;
; MISC_FILE                            ; memory.cmp                            ; --            ; --          ; --                    ;
; MISC_FILE                            ; memoriaPrincipal.bsf                  ; --            ; --          ; --                    ;
; MISC_FILE                            ; memoriaPrincipal_inst.v               ; --            ; --          ; --                    ;
; MISC_FILE                            ; memoriaPrincipal_bb.v                 ; --            ; --          ; --                    ;
; MISC_FILE                            ; memoriaPrincipal.inc                  ; --            ; --          ; --                    ;
; MISC_FILE                            ; memoriaPrincipal.cmp                  ; --            ; --          ; --                    ;
; PARTITION_COLOR                      ; 16764057                              ; --            ; --          ; Top                   ;
; PARTITION_FITTER_PRESERVATION_LEVEL  ; PLACEMENT_AND_ROUTING                 ; --            ; --          ; Top                   ;
; PARTITION_NETLIST_TYPE               ; SOURCE                                ; --            ; --          ; Top                   ;
; POWER_BOARD_THERMAL_MODEL            ; None (CONSERVATIVE)                   ; --            ; --          ; --                    ;
; POWER_PRESET_COOLING_SOLUTION        ; 23 MM HEAT SINK WITH 200 LFPM AIRFLOW ; --            ; --          ; --                    ;
; PROJECT_OUTPUT_DIRECTORY             ; output_files                          ; --            ; --          ; --                    ;
+--------------------------------------+---------------------------------------+---------------+-------------+-----------------------+


+-------------------------------------------------------------------------------------------------------------------------------+
; Flow Elapsed Time                                                                                                             ;
+---------------------------+--------------+-------------------------+---------------------+------------------------------------+
; Module Name               ; Elapsed Time ; Average Processors Used ; Peak Virtual Memory ; Total CPU Time (on all processors) ;
+---------------------------+--------------+-------------------------+---------------------+------------------------------------+
; Analysis & Synthesis      ; 00:00:06     ; 1.0                     ; 4610 MB             ; 00:00:06                           ;
; Fitter                    ; 00:00:14     ; 1.0                     ; 4880 MB             ; 00:00:13                           ;
; Assembler                 ; 00:00:02     ; 1.0                     ; 4561 MB             ; 00:00:02                           ;
; TimeQuest Timing Analyzer ; 00:00:01     ; 1.0                     ; 4551 MB             ; 00:00:01                           ;
; EDA Netlist Writer        ; 00:00:01     ; 1.0                     ; 4525 MB             ; 00:00:01                           ;
; Total                     ; 00:00:24     ; --                      ; --                  ; 00:00:23                           ;
+---------------------------+--------------+-------------------------+---------------------+------------------------------------+


+----------------------------------------------------------------------------------------+
; Flow OS Summary                                                                        ;
+---------------------------+------------------+-----------+------------+----------------+
; Module Name               ; Machine Hostname ; OS Name   ; OS Version ; Processor type ;
+---------------------------+------------------+-----------+------------+----------------+
; Analysis & Synthesis      ; Leroy-PC         ; Windows 7 ; 6.2        ; x86_64         ;
; Fitter                    ; Leroy-PC         ; Windows 7 ; 6.2        ; x86_64         ;
; Assembler                 ; Leroy-PC         ; Windows 7 ; 6.2        ; x86_64         ;
; TimeQuest Timing Analyzer ; Leroy-PC         ; Windows 7 ; 6.2        ; x86_64         ;
; EDA Netlist Writer        ; Leroy-PC         ; Windows 7 ; 6.2        ; x86_64         ;
+---------------------------+------------------+-----------+------------+----------------+


------------
; Flow Log ;
------------
quartus_map --read_settings_files=on --write_settings_files=off projetoProcessador -c projetoProcessador
quartus_fit --read_settings_files=off --write_settings_files=off projetoProcessador -c projetoProcessador
quartus_asm --read_settings_files=off --write_settings_files=off projetoProcessador -c projetoProcessador
quartus_sta projetoProcessador -c projetoProcessador
quartus_eda --read_settings_files=off --write_settings_files=off projetoProcessador -c projetoProcessador



